492 [66156] INFO perfrun.launcher <> - Launcher main begin
520 [66156] INFO perfrun.launcher <> - MessageCatalogInit finished
521 [66156] INFO perfrun.launcher <> - Launcher instance created
521 [66156] INFO perfrun.launcher <> - argc = 7; cmdline = C:\Program Files (x86)\Intel\oneAPI\vtune\latest\bin64\amplxe-runss.exe --ui-output-format xml --ui-output-fd 1112 --option-file C:\Users\yayma\Documents\NeuralChess\NeuralChess\r002ps0\config\runss.options 
644 [66156] INFO perfrun.launcher <> - New signal handler callback was added
942 [66156] INFO perfrun.launcher <> - create msngr2::ICliToolContext
944 [66156] INFO perfrun.launcher <> - create file finder object
946 [66156] INFO perfrun.launcher <> - create a result directory: pattern = C:\Users\yayma\Documents\NeuralChess\NeuralChess\r002ps0 pid = 4294967295
964 [66156] INFO perfrun.launcher <> - create data directory = C:\Users\yayma\Documents\NeuralChess\NeuralChess\r002ps0\data.0
967 [66156] INFO perfrun.launcher <> - Creating the master collection flag
995 [66156] INFO perfrun.launcher <> - Done creating the master collection flag
996 [42792] INFO perfrun.launcher <> - plugin [remoteplug] was disabled because it doesn't support the given collection type.
999 [42792] INFO perfrun.sdk <> - Allocating TMU :C:\Users\yayma\Documents\NeuralChess\NeuralChess\r002ps0\data.0\systemcollector-53316-LAPTOP-7QT4COED.sc
1002 [42792] INFO perfrun.launcher <> - plugin [] was disabled because it doesn't support the given collection type.
1021 [42792] INFO perfrun.launcher <> - plugin [] was disabled because it doesn't support the given collection type.
1021 [42792] INFO perfrun.launcher <> - plugin [gpu] was disabled because it doesn't support the given collection type.
1022 [42792] INFO perfrun.launcher <> - plugin [etw.kernel] was disabled because it doesn't support the given collection type.
1022 [42792] INFO perfrun.launcher <> - plugin [etw.dx] was disabled because it doesn't support the given collection type.
1023 [42792] INFO perfrun.launcher <> - plugin [etw.wsa] was disabled because it doesn't support the given collection type.
1024 [42792] INFO perfrun.mrte <> - system-wide mode is 0
1026 [42792] INFO perfrun.mrte <> - Getting  mrte profiling environment ...
1386 [42792] INFO perfrun.mrte <> - INTEL_MRTE_DATA_DIR=C:\Users\yayma\Documents\NeuralChess\NeuralChess\r002ps0\data.0
1387 [42792] INFO perfrun.mrte <> - INTEL_MRTE_HOST_NAME=LAPTOP-7QT4COED
1387 [42792] INFO perfrun.mrte <> - JAVA_TOOL_OPTIONS=-agentlib:amplxe_tpssmrte_javaprof_1.0
1387 [42792] INFO perfrun.mrte <> - PATH=C:\Program Files (x86)\Intel\oneAPI\vtune\latest\bin32\runtime;C:\Program Files (x86)\Intel\oneAPI\vtune\latest\bin64\runtime;C:\ProgramData\Oracle\Java\javapath;C:\Program Files\Eclipse Foundation\jdk-11.0.12.7-hotspot\bin;C:\Windows\system32;C:\Windows;C:\Windows\System32\Wbem;C:\Windows\System32\WindowsPowerShell\v1.0\;C:\Windows\System32\OpenSSH\;C:\Program Files (x86)\NVIDIA Corporation\PhysX\Common;C:\Program Files\Intel\WiFi\bin\;C:\Program Files\Common Files\Intel\WirelessCommon\;C:\WINDOWS\system32;C:\WINDOWS;C:\WINDOWS\System32\Wbem;C:\WINDOWS\System32\WindowsPowerShell\v1.0\;C:\WINDOWS\System32\OpenSSH\;C:\Program Files (x86)\nodejs\;C:\Program Files\Git\cmd;C:\Program Files\dotnet\;C:\Program Files\NVIDIA Corporation\NVIDIA NvDLISR;C:\WINDOWS\system32;C:\WINDOWS;C:\WINDOWS\System32\Wbem;C:\WINDOWS\System32\WindowsPowerShell\v1.0\;C:\WINDOWS\System32\OpenSSH\;C:\Program Files\php_8.0\bin;C:\Users\yayma\AppData\Local\Microsoft\WindowsApps;C:\Users\yayma\AppData\Local\Programs\Microsoft VS Code\bin;C:\Users\yayma\AppData\Roaming\npm;C:\Users\yayma\source\repos\Experiment Game 3\Experiment Game 3\dependencies\SDL2_image-2.0.5\lib\x64;C:\vclib\glfw\lib-vc2022;C:\Users\yayma\source\repos\Experiment Game 3\Experiment Game 3\dependencies\SDL2-2.0.22\lib\x64;C:\mingw64\mingw64\bin;C:\Users\yayma\Documents\Chess Engine\dependencies\SDL2_mixer-2.6.3\x86_64-w64-mingw32\lib;
1387 [42792] INFO perfrun.mrte <> - COR_ENABLE_PROFILING=1
1387 [42792] INFO perfrun.mrte <> - COR_PROFILER={AA5E4821-E3B1-479c-B7FF-5AD047D22CED}
1387 [42792] INFO perfrun.mrte <> - COMPLUS_ProfAPI_ProfilerCompatibilitySetting=EnableV2Profiler
1387 [42792] INFO perfrun.mrte <> - CORECLR_ENABLE_PROFILING=1
1387 [42792] INFO perfrun.mrte <> - CORECLR_PROFILER={AA5E4821-E3B1-479c-B7FF-5AD047D22CED}
1387 [42792] INFO perfrun.mrte <> - CORECLR_PROFILER_PATH=C:\Program Files (x86)\Intel\oneAPI\vtune\latest\bin64/amplxe_samplingmrte_clrprof_1.0.dll
1387 [42792] INFO perfrun.mrte <> - INTEL_MRTE_PROFILER_MODE=mixed
1388 [42792] INFO perfrun.mrte <> - Data directory: C:\Users\yayma\Documents\NeuralChess\NeuralChess\r002ps0\data.0
1388 [42792] INFO perfrun.mrte <> - Mrte plugin is initialized
1388 [42792] INFO perfrun.launcher <> - plugin [emon] was disabled because it doesn't support the given collection type.
1389 [42792] INFO perfrun.launcher <> - plugin [cuscol] was disabled because it doesn't support the given collection type.
1389 [42792] INFO perfrun.launcher <> - plugin [stdsrc] was disabled because it doesn't support the given collection type.
1391 [42792] INFO perfrun.launcher <> - plugin [sep] was disabled because it doesn't support the given collection type.
1391 [42792] INFO perfrun.launcher <> - plugin [vtsspp] was disabled because it doesn't support the given collection type.
1391 [42792] INFO perfrun.launcher <> - plugin [] was disabled because it doesn't support the given collection type.
1391 [42792] INFO perfrun.launcher <> - plugin [aoclprofile] was disabled because it doesn't support the given collection type.
1392 [42792] INFO perfrun.tpss <> - initialize tpss controller
1393 [42792] INFO perfrun.tpss <> - configure collection mode: value = cpu:counters:nostack
1396 [42792] INFO perfrun.tpss <> - configure collection mode: value = cpu:nostack
1396 [42792] INFO perfrun.tpss <> - default obj-size-min=1024
1396 [42792] INFO perfrun.tpss <> - default hash-table-size=0
1397 [42792] INFO perfrun.launcher <> - plugin [] was disabled because it doesn't support the given collection type.
1397 [42792] INFO perfrun.launcher <> - plugin [] was disabled because it doesn't support the given collection type.
1397 [42792] INFO perfrun.launcher <> - plugin [] was disabled because it doesn't support the given collection type.
1397 [42792] INFO perfrun.launcher <> - plugin [] was disabled because it doesn't support the given collection type.
1397 [42792] INFO perfrun.launcher <> - plugin [power] was disabled because it doesn't support the given collection type.
1397 [42792] INFO perfrun.launcher <> - plugin [hwloc] was disabled because it doesn't support the given collection type.
1397 [42792] INFO perfrun.launcher <> - plugin [ipmwatch] was disabled because it doesn't support the given collection type.
1398 [42792] INFO perfrun.launcher <> - plugin [os_counters] was disabled because it doesn't support the given collection type.
1398 [42792] INFO perfrun.launcher <> - plugin [l0_metrics] was disabled because it doesn't support the given collection type.
1399 [66156] INFO perfrun.launcher <> - set environment variable: PATH = C:\Program Files (x86)\Intel\oneAPI\vtune\latest\bin32\runtime;C:\Program Files (x86)\Intel\oneAPI\vtune\latest\bin64\runtime;C:\ProgramData\Oracle\Java\javapath;C:\Program Files\Eclipse Foundation\jdk-11.0.12.7-hotspot\bin;C:\Windows\system32;C:\Windows;C:\Windows\System32\Wbem;C:\Windows\System32\WindowsPowerShell\v1.0\;C:\Windows\System32\OpenSSH\;C:\Program Files (x86)\NVIDIA Corporation\PhysX\Common;C:\Program Files\Intel\WiFi\bin\;C:\Program Files\Common Files\Intel\WirelessCommon\;C:\WINDOWS\system32;C:\WINDOWS;C:\WINDOWS\System32\Wbem;C:\WINDOWS\System32\WindowsPowerShell\v1.0\;C:\WINDOWS\System32\OpenSSH\;C:\Program Files (x86)\nodejs\;C:\Program Files\Git\cmd;C:\Program Files\dotnet\;C:\Program Files\NVIDIA Corporation\NVIDIA NvDLISR;C:\WINDOWS\system32;C:\WINDOWS;C:\WINDOWS\System32\Wbem;C:\WINDOWS\System32\WindowsPowerShell\v1.0\;C:\WINDOWS\System32\OpenSSH\;C:\Program Files\php_8.0\bin;C:\Users\yayma\AppData\Local\Microsoft\WindowsApps;C:\Users\yayma\AppData\Local\Programs\Microsoft VS Code\bin;C:\Users\yayma\AppData\Roaming\npm;C:\Users\yayma\source\repos\Experiment Game 3\Experiment Game 3\dependencies\SDL2_image-2.0.5\lib\x64;C:\vclib\glfw\lib-vc2022;C:\Users\yayma\source\repos\Experiment Game 3\Experiment Game 3\dependencies\SDL2-2.0.22\lib\x64;C:\mingw64\mingw64\bin;C:\Users\yayma\Documents\Chess Engine\dependencies\SDL2_mixer-2.6.3\x86_64-w64-mingw32\lib;
1399 [66156] INFO perfrun.launcher <> - set environment variable: INTEL_LIBITTNOTIFY32 = C:\Program Files (x86)\Intel\oneAPI\vtune\latest\bin32\runtime\ittnotify_collector.dll
1400 [66156] INFO perfrun.launcher <> - set environment variable: INTEL_LIBITTNOTIFY64 = C:\Program Files (x86)\Intel\oneAPI\vtune\latest\bin64\runtime\ittnotify_collector.dll
1400 [66156] INFO perfrun.launcher <> - set environment variable: INTEL_ITTNOTIFY_GROUPS = 
1401 [66156] INFO perfrun.launcher <> - set environment variable: INTEL_JIT_PROFILER32 = C:\Program Files (x86)\Intel\oneAPI\vtune\latest\bin32\runtime\ittnotify_collector.dll
1401 [66156] INFO perfrun.launcher <> - set environment variable: INTEL_JIT_PROFILER64 = C:\Program Files (x86)\Intel\oneAPI\vtune\latest\bin64\runtime\ittnotify_collector.dll
1401 [66156] INFO perfrun.launcher <> - set environment variable: OMP_TOOL_LIBRARIES = C:\Program Files (x86)\Intel\oneAPI\vtune\latest\bin32\runtime\ittnotify_collector.dll;C:\Program Files (x86)\Intel\oneAPI\vtune\latest\bin64\runtime\ittnotify_collector.dll
1402 [66156] INFO perfrun.launcher <> - set environment variable: ENABLE_JITPROFILING = 1
1402 [66156] INFO perfrun.launcher <> - set environment variable: CL_CONFIG_USE_VTUNE = True
1403 [66156] INFO perfrun.launcher <> - set environment variable: KMP_FORKJOIN_FRAMES = 0
1403 [66156] INFO perfrun.launcher <> - set environment variable: KMP_FORKJOIN_FRAMES_MODE = 0
1403 [66156] INFO perfrun.launcher <> - set environment variable: OMP_TOOL = disabled
1403 [66156] INFO perfrun.launcher <> - set environment variable: INTEL_MRTE_DATA_DIR = C:\Users\yayma\Documents\NeuralChess\NeuralChess\r002ps0\data.0
1404 [66156] INFO perfrun.launcher <> - set environment variable: INTEL_MRTE_HOST_NAME = LAPTOP-7QT4COED
1404 [66156] INFO perfrun.launcher <> - set environment variable: JAVA_TOOL_OPTIONS = -agentlib:amplxe_tpssmrte_javaprof_1.0
1404 [66156] INFO perfrun.launcher <> - set environment variable: PATH = C:\Program Files (x86)\Intel\oneAPI\vtune\latest\bin32\runtime;C:\Program Files (x86)\Intel\oneAPI\vtune\latest\bin64\runtime;C:\ProgramData\Oracle\Java\javapath;C:\Program Files\Eclipse Foundation\jdk-11.0.12.7-hotspot\bin;C:\Windows\system32;C:\Windows;C:\Windows\System32\Wbem;C:\Windows\System32\WindowsPowerShell\v1.0\;C:\Windows\System32\OpenSSH\;C:\Program Files (x86)\NVIDIA Corporation\PhysX\Common;C:\Program Files\Intel\WiFi\bin\;C:\Program Files\Common Files\Intel\WirelessCommon\;C:\WINDOWS\system32;C:\WINDOWS;C:\WINDOWS\System32\Wbem;C:\WINDOWS\System32\WindowsPowerShell\v1.0\;C:\WINDOWS\System32\OpenSSH\;C:\Program Files (x86)\nodejs\;C:\Program Files\Git\cmd;C:\Program Files\dotnet\;C:\Program Files\NVIDIA Corporation\NVIDIA NvDLISR;C:\WINDOWS\system32;C:\WINDOWS;C:\WINDOWS\System32\Wbem;C:\WINDOWS\System32\WindowsPowerShell\v1.0\;C:\WINDOWS\System32\OpenSSH\;C:\Program Files\php_8.0\bin;C:\Users\yayma\AppData\Local\Microsoft\WindowsApps;C:\Users\yayma\AppData\Local\Programs\Microsoft VS Code\bin;C:\Users\yayma\AppData\Roaming\npm;C:\Users\yayma\source\repos\Experiment Game 3\Experiment Game 3\dependencies\SDL2_image-2.0.5\lib\x64;C:\vclib\glfw\lib-vc2022;C:\Users\yayma\source\repos\Experiment Game 3\Experiment Game 3\dependencies\SDL2-2.0.22\lib\x64;C:\mingw64\mingw64\bin;C:\Users\yayma\Documents\Chess Engine\dependencies\SDL2_mixer-2.6.3\x86_64-w64-mingw32\lib;
1405 [66156] INFO perfrun.launcher <> - set environment variable: COR_ENABLE_PROFILING = 1
1405 [66156] INFO perfrun.launcher <> - set environment variable: COR_PROFILER = {AA5E4821-E3B1-479c-B7FF-5AD047D22CED}
1406 [66156] INFO perfrun.launcher <> - set environment variable: COMPLUS_ProfAPI_ProfilerCompatibilitySetting = EnableV2Profiler
1406 [66156] INFO perfrun.launcher <> - set environment variable: CORECLR_ENABLE_PROFILING = 1
1406 [66156] INFO perfrun.launcher <> - set environment variable: CORECLR_PROFILER = {AA5E4821-E3B1-479c-B7FF-5AD047D22CED}
1407 [66156] INFO perfrun.launcher <> - set environment variable: CORECLR_PROFILER_PATH = C:\Program Files (x86)\Intel\oneAPI\vtune\latest\bin64/amplxe_samplingmrte_clrprof_1.0.dll
1407 [66156] INFO perfrun.launcher <> - set environment variable: INTEL_MRTE_PROFILER_MODE = mixed
1411 [66156] INFO perfrun.launcher <> - RpcServer: run RPC server to handle requests
1498 [66156] INFO perfrun.sdk <> - IProcessUtil: the given executable 'C:\Users\yayma\Documents\NeuralChess\bin\debug\NeuralChess.exe' is valid.
1499 [66156] INFO perfrun.launcher <> - Launcher: command line to start before modification = C:\Users\yayma\Documents\NeuralChess\bin\debug\NeuralChess.exe --show-eval
1510 [66156] INFO perfrun.launcher <> - Launcher: command line to start after modification = C:\Program Files (x86)\Intel\oneAPI\vtune\2023.1.0\bin64\pin.exe -error_file C:\Users\yayma\Documents\NeuralChess\NeuralChess\r002ps0\data.0\pinerr.tpsslog -detach_reattach -probe -follow_execv -p32 C:\Program Files (x86)\Intel\oneAPI\vtune\latest\bin32\pin.exe -p64 C:\Program Files (x86)\Intel\oneAPI\vtune\latest\bin64\pin.exe -t64 C:\Program Files (x86)\Intel\oneAPI\vtune\latest\bin64\tpsstool.dll -t C:\Program Files (x86)\Intel\oneAPI\vtune\latest\bin32\tpsstool.dll -server_name tpss_ipc.53316 -prd_dir C:\Program Files (x86)\Intel\oneAPI\vtune\2023.1.0 -- C:\Users\yayma\Documents\NeuralChess\bin\debug\NeuralChess.exe --show-eval
1512 [66156] INFO perfrun.launcher <> - ProcessCreator object was created
1526 [66156] INFO perfrun.launcher <> - Launcher: the process was started in suspend mode
1535 [42792] INFO perfrun.itt <> - start itt controller for pid #51448
1542 [42792] INFO perfrun.tpss <> - start tpss controller for pid #51448
1599 [66156] INFO perfrun.launcher <> - Launcher: all plugins were started
1600 [66156] INFO perfrun.launcher <> - DirectoryMonitor object was created
1600 [66156] INFO perfrun.launcher <> - DirectoryMonitor: a callback was added
1600 [66156] INFO perfrun.launcher <> - DirectoryMonitor was started with pingTime = 1000
1600 [66156] INFO perfrun.launcher <> - DeadlineTimer is going to be constructed
1602 [66156] INFO perfrun.launcher <> - DeadlineTimer: a callback was added
1634 [66156] INFO perfrun.launcher <> - Launcher: resume the profiled application and  wait its termination or stop command
31370 [66156] INFO perfrun.launcher <> - Launcher: the profiled application was terminated  with exit code = 0
31458 [42792] INFO perfrun.itt <> - detach itt controller
31458 [42792] INFO perfrun.itt <> - detach itt controller done
31459 [42792] INFO perfrun.tpss <> - stop tpss controller
31470 [42792] INFO perfrun.sdk <> - De-allocating TMU: C:\Users\yayma\Documents\NeuralChess\NeuralChess\r002ps0\data.0\systemcollector-53316-LAPTOP-7QT4COED.sc
31494 [42792] INFO perfrun.system <> - closed the system trace file: C:\Users\yayma\Documents\NeuralChess\NeuralChess\r002ps0\data.0\systemcollector-53316-LAPTOP-7QT4COED.sc
31494 [66156] INFO perfrun.launcher <> - Launcher: all plugins were stopped.
31494 [66156] INFO perfrun.launcher <> - DeadlineTimer is going to be destroyed
31495 [66156] INFO perfrun.launcher <> - DeadlineTimer was destroyed
31496 [66156] INFO perfrun.launcher <> - DirectoryMonitor object was destroyed
31496 [66156] WARN perfrun.launcher <> - Stop command is ignored because it is received when collection is already stopped, at file: C:\BB\ANphep2w6r\b\tmp9jhc2h\vcs\perfrun1\launcher\src\command_handler.cpp:226
31502 [66156] INFO perfrun.launcher <> - Application exit code: 0
31502 [66156] INFO perfrun.launcher <> - Exit code: 0
